  [1m[36m (0.1ms)[0m  [1mselect sqlite_version(*)[0m
  [1m[35m (45.4ms)[0m  CREATE TABLE "schema_migrations" ("version" varchar(255) NOT NULL) 
  [1m[36m (0.1ms)[0m  [1mPRAGMA index_list("schema_migrations")[0m
  [1m[35m (6.8ms)[0m  CREATE UNIQUE INDEX "unique_schema_migrations" ON "schema_migrations" ("version")
  [1m[36m (0.1ms)[0m  [1mSELECT "schema_migrations"."version" FROM "schema_migrations" [0m
Migrating to CreateMovies (20111119180638)
  [1m[35m (0.8ms)[0m  CREATE TABLE "movies" ("id" INTEGER PRIMARY KEY AUTOINCREMENT NOT NULL, "title" varchar(255), "rating" varchar(255), "description" text, "release_date" datetime, "created_at" datetime, "updated_at" datetime) 
  [1m[36m (0.4ms)[0m  [1mINSERT INTO "schema_migrations" ("version") VALUES ('20111119180638')[0m
Migrating to AddMoreMovies (20120130161449)
  [1m[35mSQL (74.0ms)[0m  INSERT INTO "movies" ("created_at", "description", "rating", "release_date", "title", "updated_at") VALUES (?, ?, ?, ?, ?, ?)  [["created_at", Sun, 05 Aug 2012 18:33:49 UTC +00:00], ["description", nil], ["rating", "G"], ["release_date", Wed, 25 Nov 1992 00:00:00 UTC +00:00], ["title", "Aladdin"], ["updated_at", Sun, 05 Aug 2012 18:33:49 UTC +00:00]]
  [1m[36mSQL (0.4ms)[0m  [1mINSERT INTO "movies" ("created_at", "description", "rating", "release_date", "title", "updated_at") VALUES (?, ?, ?, ?, ?, ?)[0m  [["created_at", Sun, 05 Aug 2012 18:33:49 UTC +00:00], ["description", nil], ["rating", "R"], ["release_date", Fri, 26 Oct 1984 00:00:00 UTC +00:00], ["title", "The Terminator"], ["updated_at", Sun, 05 Aug 2012 18:33:49 UTC +00:00]]
  [1m[35mSQL (0.3ms)[0m  INSERT INTO "movies" ("created_at", "description", "rating", "release_date", "title", "updated_at") VALUES (?, ?, ?, ?, ?, ?)  [["created_at", Sun, 05 Aug 2012 18:33:49 UTC +00:00], ["description", nil], ["rating", "R"], ["release_date", Fri, 21 Jul 1989 00:00:00 UTC +00:00], ["title", "When Harry Met Sally"], ["updated_at", Sun, 05 Aug 2012 18:33:49 UTC +00:00]]
  [1m[36mSQL (0.4ms)[0m  [1mINSERT INTO "movies" ("created_at", "description", "rating", "release_date", "title", "updated_at") VALUES (?, ?, ?, ?, ?, ?)[0m  [["created_at", Sun, 05 Aug 2012 18:33:49 UTC +00:00], ["description", nil], ["rating", "PG-13"], ["release_date", Wed, 10 Aug 2011 00:00:00 UTC +00:00], ["title", "The Help"], ["updated_at", Sun, 05 Aug 2012 18:33:49 UTC +00:00]]
  [1m[35mSQL (0.3ms)[0m  INSERT INTO "movies" ("created_at", "description", "rating", "release_date", "title", "updated_at") VALUES (?, ?, ?, ?, ?, ?)  [["created_at", Sun, 05 Aug 2012 18:33:49 UTC +00:00], ["description", nil], ["rating", "PG-13"], ["release_date", Fri, 05 Jan 2001 00:00:00 UTC +00:00], ["title", "Chocolat"], ["updated_at", Sun, 05 Aug 2012 18:33:49 UTC +00:00]]
  [1m[36mSQL (0.3ms)[0m  [1mINSERT INTO "movies" ("created_at", "description", "rating", "release_date", "title", "updated_at") VALUES (?, ?, ?, ?, ?, ?)[0m  [["created_at", Sun, 05 Aug 2012 18:33:49 UTC +00:00], ["description", nil], ["rating", "R"], ["release_date", Wed, 25 Apr 2001 00:00:00 UTC +00:00], ["title", "Amelie"], ["updated_at", Sun, 05 Aug 2012 18:33:49 UTC +00:00]]
  [1m[35mSQL (8.6ms)[0m  INSERT INTO "movies" ("created_at", "description", "rating", "release_date", "title", "updated_at") VALUES (?, ?, ?, ?, ?, ?)  [["created_at", Sun, 05 Aug 2012 18:33:49 UTC +00:00], ["description", nil], ["rating", "G"], ["release_date", Sat, 06 Apr 1968 00:00:00 UTC +00:00], ["title", "2001: A Space Odyssey"], ["updated_at", Sun, 05 Aug 2012 18:33:49 UTC +00:00]]
  [1m[36mSQL (0.3ms)[0m  [1mINSERT INTO "movies" ("created_at", "description", "rating", "release_date", "title", "updated_at") VALUES (?, ?, ?, ?, ?, ?)[0m  [["created_at", Sun, 05 Aug 2012 18:33:49 UTC +00:00], ["description", nil], ["rating", "PG"], ["release_date", Fri, 05 Nov 2004 00:00:00 UTC +00:00], ["title", "The Incredibles"], ["updated_at", Sun, 05 Aug 2012 18:33:49 UTC +00:00]]
  [1m[35mSQL (0.4ms)[0m  INSERT INTO "movies" ("created_at", "description", "rating", "release_date", "title", "updated_at") VALUES (?, ?, ?, ?, ?, ?)  [["created_at", Sun, 05 Aug 2012 18:33:49 UTC +00:00], ["description", nil], ["rating", "PG"], ["release_date", Fri, 12 Jun 1981 00:00:00 UTC +00:00], ["title", "Raiders of the Lost Ark"], ["updated_at", Sun, 05 Aug 2012 18:33:49 UTC +00:00]]
  [1m[36mSQL (0.4ms)[0m  [1mINSERT INTO "movies" ("created_at", "description", "rating", "release_date", "title", "updated_at") VALUES (?, ?, ?, ?, ?, ?)[0m  [["created_at", Sun, 05 Aug 2012 18:33:49 UTC +00:00], ["description", nil], ["rating", "G"], ["release_date", Wed, 21 Jun 2000 00:00:00 UTC +00:00], ["title", "Chicken Run"], ["updated_at", Sun, 05 Aug 2012 18:33:49 UTC +00:00]]
  [1m[35m (0.3ms)[0m  INSERT INTO "schema_migrations" ("version") VALUES ('20120130161449')
  [1m[36m (0.5ms)[0m  [1mselect sqlite_version(*)[0m
  [1m[35m (0.1ms)[0m  SELECT "schema_migrations"."version" FROM "schema_migrations" 
  [1m[36m (0.0ms)[0m  [1mPRAGMA index_list("movies")[0m


Started GET "/movies" for 127.0.0.1 at 2012-08-05 11:39:05 -0700
  Processing by MoviesController#index as HTML
  [1m[36mMovie Load (0.3ms)[0m  [1mSELECT "movies".* FROM "movies" [0m
Rendered movies/index.html.haml within layouts/application (32.9ms)
Compiled application.css  (0ms)  (pid 2779)
Compiled application.js  (18ms)  (pid 2779)
Compiled jquery.js  (44ms)  (pid 2779)
Compiled jquery_ujs.js  (6ms)  (pid 2779)
Completed 200 OK in 338ms (Views: 335.1ms | ActiveRecord: 1.0ms)


Started GET "/assets/application.css?body=1" for 127.0.0.1 at 2012-08-05 11:39:08 -0700
Served asset /application.css - 200 OK (8ms)


Started GET "/assets/jquery.js?body=1" for 127.0.0.1 at 2012-08-05 11:39:08 -0700
Served asset /jquery.js - 200 OK (75ms)


Started GET "/assets/jquery_ujs.js?body=1" for 127.0.0.1 at 2012-08-05 11:39:08 -0700
Served asset /jquery_ujs.js - 200 OK (45ms)


Started GET "/assets/application.js?body=1" for 127.0.0.1 at 2012-08-05 11:39:08 -0700
Served asset /application.js - 200 OK (51ms)


Started GET "/movies/new" for 127.0.0.1 at 2012-08-05 12:26:17 -0700
  Processing by MoviesController#new as HTML
Rendered movies/new.html.haml within layouts/application (11.6ms)
Completed 200 OK in 117ms (Views: 25.0ms | ActiveRecord: 0.0ms)


Started GET "/assets/application.css?body=1" for 127.0.0.1 at 2012-08-05 12:26:18 -0700
Served asset /application.css - 304 Not Modified (0ms)


Started GET "/assets/jquery.js?body=1" for 127.0.0.1 at 2012-08-05 12:26:18 -0700
Served asset /jquery.js - 304 Not Modified (0ms)


Started GET "/assets/application.js?body=1" for 127.0.0.1 at 2012-08-05 12:26:18 -0700
Served asset /application.js - 304 Not Modified (0ms)


Started GET "/assets/jquery_ujs.js?body=1" for 127.0.0.1 at 2012-08-05 12:26:18 -0700
Served asset /jquery_ujs.js - 304 Not Modified (0ms)


Started POST "/movies" for 127.0.0.1 at 2012-08-05 12:27:47 -0700
  Processing by MoviesController#create as HTML
  Parameters: {"utf8"=>"✓", "authenticity_token"=>"uHGCuDgvWGQ8IkKB8qlw6XA2LkR3U9IseKFCdK5rms0=", "movie"=>{"title"=>"Plan 9 from outer space", "rating"=>"PG-13", "release_date(1i)"=>"2008", "release_date(2i)"=>"8", "release_date(3i)"=>"12"}, "commit"=>"Save Changes"}
  [1m[35mSQL (43.3ms)[0m  INSERT INTO "movies" ("created_at", "description", "rating", "release_date", "title", "updated_at") VALUES (?, ?, ?, ?, ?, ?)  [["created_at", Sun, 05 Aug 2012 19:27:47 UTC +00:00], ["description", nil], ["rating", "PG-13"], ["release_date", Tue, 12 Aug 2008 00:00:00 UTC +00:00], ["title", "Plan 9 from outer space"], ["updated_at", Sun, 05 Aug 2012 19:27:47 UTC +00:00]]
Redirected to http://localhost:3000/movies
Completed 302 Found in 112ms


Started GET "/movies" for 127.0.0.1 at 2012-08-05 12:27:48 -0700
  Processing by MoviesController#index as HTML
  [1m[36mMovie Load (0.2ms)[0m  [1mSELECT "movies".* FROM "movies" [0m
Rendered movies/index.html.haml within layouts/application (21.4ms)
Completed 200 OK in 35ms (Views: 31.7ms | ActiveRecord: 1.6ms)


Started GET "/assets/application.css?body=1" for 127.0.0.1 at 2012-08-05 12:27:48 -0700
Served asset /application.css - 304 Not Modified (0ms)


Started GET "/assets/jquery_ujs.js?body=1" for 127.0.0.1 at 2012-08-05 12:27:48 -0700
Served asset /jquery_ujs.js - 304 Not Modified (0ms)


Started GET "/assets/jquery.js?body=1" for 127.0.0.1 at 2012-08-05 12:27:48 -0700
Served asset /jquery.js - 304 Not Modified (7ms)


Started GET "/assets/application.js?body=1" for 127.0.0.1 at 2012-08-05 12:27:48 -0700
Served asset /application.js - 304 Not Modified (8ms)


Started GET "/movies/1" for 127.0.0.1 at 2012-08-05 12:27:51 -0700
  Processing by MoviesController#show as HTML
  Parameters: {"id"=>"1"}
  [1m[35mMovie Load (0.6ms)[0m  SELECT "movies".* FROM "movies" WHERE "movies"."id" = ? LIMIT 1  [["id", "1"]]
Rendered movies/show.html.haml within layouts/application (17.5ms)
Completed 200 OK in 41ms (Views: 31.5ms | ActiveRecord: 1.2ms)


Started GET "/assets/application.css?body=1" for 127.0.0.1 at 2012-08-05 12:27:52 -0700
Served asset /application.css - 304 Not Modified (0ms)


Started GET "/assets/application.js?body=1" for 127.0.0.1 at 2012-08-05 12:27:52 -0700
Served asset /application.js - 304 Not Modified (8ms)


Started GET "/assets/jquery_ujs.js?body=1" for 127.0.0.1 at 2012-08-05 12:27:52 -0700
Served asset /jquery_ujs.js - 304 Not Modified (0ms)


Started GET "/assets/jquery.js?body=1" for 127.0.0.1 at 2012-08-05 12:27:52 -0700
Served asset /jquery.js - 304 Not Modified (0ms)


Started GET "/movies" for 127.0.0.1 at 2012-08-05 12:27:56 -0700
  Processing by MoviesController#index as HTML
  [1m[36mMovie Load (0.6ms)[0m  [1mSELECT "movies".* FROM "movies" [0m
Rendered movies/index.html.haml within layouts/application (20.4ms)
Completed 200 OK in 33ms (Views: 29.2ms | ActiveRecord: 1.1ms)


Started GET "/assets/application.css?body=1" for 127.0.0.1 at 2012-08-05 12:27:56 -0700
Served asset /application.css - 304 Not Modified (0ms)


Started GET "/assets/application.js?body=1" for 127.0.0.1 at 2012-08-05 12:27:56 -0700
Served asset /application.js - 304 Not Modified (0ms)


Started GET "/assets/jquery_ujs.js?body=1" for 127.0.0.1 at 2012-08-05 12:27:56 -0700
Served asset /jquery_ujs.js - 304 Not Modified (0ms)


Started GET "/assets/jquery.js?body=1" for 127.0.0.1 at 2012-08-05 12:27:56 -0700
Served asset /jquery.js - 304 Not Modified (0ms)


Started GET "/movies" for 127.0.0.1 at 2012-08-06 09:30:45 -0700
  Processing by MoviesController#index as HTML
  [1m[36mMovie Load (0.5ms)[0m  [1mSELECT "movies".* FROM "movies" [0m
Rendered movies/index.html.haml within layouts/application (109.5ms)
Completed 200 OK in 408ms (Views: 405.0ms | ActiveRecord: 0.7ms)


Started GET "/assets/rails.png" for 127.0.0.1 at 2012-08-06 09:30:49 -0700
Served asset /rails.png - 200 OK (13ms)


Started GET "/movies" for 127.0.0.1 at 2012-08-06 09:31:00 -0700
  Processing by MoviesController#index as HTML
  [1m[35mMovie Load (0.3ms)[0m  SELECT "movies".* FROM "movies" 
Rendered movies/index.html.haml within layouts/application (80.6ms)
Completed 200 OK in 92ms (Views: 89.7ms | ActiveRecord: 0.7ms)


Started GET "/assets/jquery.js?body=1" for 127.0.0.1 at 2012-08-06 09:31:00 -0700
Served asset /jquery.js - 200 OK (66ms)


Started GET "/assets/application.css?body=1" for 127.0.0.1 at 2012-08-06 09:31:00 -0700
Served asset /application.css - 200 OK (24ms)


Started GET "/assets/application.js?body=1" for 127.0.0.1 at 2012-08-06 09:31:00 -0700
Served asset /application.js - 200 OK (23ms)


Started GET "/assets/jquery_ujs.js?body=1" for 127.0.0.1 at 2012-08-06 09:31:00 -0700
Served asset /jquery_ujs.js - 200 OK (20ms)


Started GET "/movies" for 127.0.0.1 at 2012-08-06 11:31:53 -0700
  Processing by MoviesController#index as HTML
  [1m[36mMovie Load (1.0ms)[0m  [1mSELECT "movies".* FROM "movies" [0m
Rendered movies/index.html.haml within layouts/application (47.7ms)
Completed 200 OK in 287ms (Views: 282.7ms | ActiveRecord: 1.3ms)


Started GET "/assets/application.css?body=1" for 127.0.0.1 at 2012-08-06 11:31:56 -0700
Served asset /application.css - 200 OK (7ms)


Started GET "/assets/application.js?body=1" for 127.0.0.1 at 2012-08-06 11:31:57 -0700
Served asset /application.js - 200 OK (35ms)


Started GET "/assets/jquery_ujs.js?body=1" for 127.0.0.1 at 2012-08-06 11:31:57 -0700
Served asset /jquery_ujs.js - 200 OK (41ms)


Started GET "/assets/jquery.js?body=1" for 127.0.0.1 at 2012-08-06 11:31:57 -0700
Served asset /jquery.js - 200 OK (44ms)
